
ROM used:   1642/8192 (20%)
            1642/8192 (20%) including unused fragments

            1.2 Average locations per line
            4.1 Average locations per statement

RAM used:   69/368 (19%) at main() level
            72/368 (20%) worst case

Stack used: 3 worst case (3 in main + 0 for interrupts)
Stack size: 8

Lines Stmts  %   Files
----- ----- ---  -----
   98    65  16  project_vxl_nhom_04.c
    5     0   0  project_vxl_nhom_04.h
  809     0   0  ..\..\..\..\..\Program Files (x86)\PICC\Devices\16F887.h
  281   201  50  tv_key_phim_4x3.c
  144   134  34  tv_matran_phim.c
----- -----
 1337   400 Total

Page ROM  %  RAM    Vol Diff  Functions:
---- --- --- ---    --- ----  ----------
0     20   1    1             @delay_ms1
0     36   2    1    147  1.3  lcd_command
0     36   2    1    147  1.3  lcd_data
0     24   1    0    127  1.3  lcd_setup
 Inline         1   3325  3.5  quetphim_4x3
0     22   1    1    145  3.1  dong_cua
0     26   2    0    138  3.0  mo_cua
 Inline         1    366  4.6  dem_giay
0      9   1    0             @const734
0     86   5    4             @PSTRINGC7_710
0      7   0    0             @const739
0     21   1    3             @DIV88
0      1   0    0             @const743
 Inline         3    502  4.3  nhap_mk
 Inline         3    313  4.2  nhap_mk_doi
 Inline         3    313  4.2  nhap_mk_doi_ss
 Inline         2    675  6.6  kiem_tra_mk
0      9   1    0             @const748
0      9   1    0             @const749
 Inline         2   1006  6.7  kiemtra_mk_doi
0      9   1    0             @const751
0      9   1    0             @const752
0      9   1    0             @const753
0      9   1    0             @const754
0     10   1    0             @const755
0     10   1    0             @const756
0    987  60    2   1752  5.8  kiem_tra_key_phim
0      9   1    0             @const758
0      9   1    0             @const759
0      9   1    0             @const760
0      4   0    0             @const761
0    222  14    2   1174  6.3  MAIN
0      9   1    0             @const765
0      9   1    0             @const766
0      9   1    0             @const767
0      9   1    0             @const768
 Inline         0             @cinit1

Program metrics:
    Functions               14
    Statements              400
    Comments                199
    Volume (V)              15364
    Difficulty (D)          55.3
    Effort to implement (E) 850320
    Time to implement (T)   13 hours, 7 minutes
    Est Delivered Bugs (B)  3
    Cyclomatic Complexity   67
    Maintainability (MI)    58

 Segment     Used  Free
-----------  ----  ----
00000-00003     4  0  
00004-007FF  1638  406  
00800-00FFF     0  2048  
01000-017FF     0  2048  
01800-01FFF     0  2048  



